<?xml version="1.0" encoding="UTF-8"?>
<!-- Generated by org.testng.reporters.JUnitReportReporter -->
<testsuite hostname="Satarupa-Biswal" failures="0" tests="7" name="test.SearchTest" time="142.941" errors="0" timestamp="12 Jul 2023 04:15:15 GMT" skipped="0">
  <testcase classname="test.SearchTest" name="verifySearchInSilverStripe" time="3.021"/>
  <testcase classname="test.SearchTest" name="verifySearchInSilverStripe" time="3.542"/>
  <testcase classname="test.SearchTest" name="verifySearchInSilverStripe" time="2.676"/>
  <testcase classname="test.SearchTest" name="verifySearchInSilverStripe" time="6.450"/>
  <testcase classname="test.SearchTest" name="verifyInvalidSearchInSilverstripe" time="1.526"/>
  <testcase classname="test.SearchTest" name="verifyKeywordSearchWithSpecialCharactersInSilverstripe" time="122.555"/>
  <testcase classname="test.SearchTest" name="verifyKeywordSearchWithCombinationOfSpeacialCharactersAndText" time="3.171"/>
</testsuite> <!-- test.SearchTest -->
